<?xml version="1.0" encoding="UTF-8"?>
<testng-results ignored="0" total="11" passed="11" failed="0" skipped="0">
  <reporter-output>
  </reporter-output>
  <suite started-at="2025-05-25T21:42:49 GMT+05:00" name="Surefire suite" finished-at="2025-05-25T21:45:08 GMT+05:00" duration-ms="139361">
    <groups>
    </groups>
    <test started-at="2025-05-25T21:42:49 GMT+05:00" name="Surefire test" finished-at="2025-05-25T21:45:08 GMT+05:00" duration-ms="139361">
      <class name="tests.LoginTest">
        <test-method is-config="true" signature="setUp()[pri:0, instance:tests.LoginTest@3e3047e6]" started-at="2025-05-25T21:43:05 GMT+05:00" name="setUp" finished-at="2025-05-25T21:43:11 GMT+05:00" duration-ms="5082" status="PASS">
          <reporter-output>
          </reporter-output>
        </test-method> <!-- setUp -->
        <test-method signature="testEnterLogin()[pri:0, instance:tests.LoginTest@3e3047e6]" started-at="2025-05-25T21:43:11 GMT+05:00" name="testEnterLogin" finished-at="2025-05-25T21:43:13 GMT+05:00" duration-ms="2093" status="PASS">
          <reporter-output>
          </reporter-output>
        </test-method> <!-- testEnterLogin -->
        <test-method is-config="true" signature="tearDown()[pri:0, instance:tests.LoginTest@3e3047e6]" started-at="2025-05-25T21:43:13 GMT+05:00" name="tearDown" finished-at="2025-05-25T21:43:13 GMT+05:00" duration-ms="531" status="PASS">
          <reporter-output>
          </reporter-output>
        </test-method> <!-- tearDown -->
      </class> <!-- tests.LoginTest -->
      <class name="tests.HomeTest">
        <test-method is-config="true" signature="setUp()[pri:0, instance:tests.HomeTest@20d3d15a]" started-at="2025-05-25T21:42:49 GMT+05:00" name="setUp" finished-at="2025-05-25T21:42:53 GMT+05:00" duration-ms="4070" status="PASS">
          <reporter-output>
          </reporter-output>
        </test-method> <!-- setUp -->
        <test-method signature="testFindMod()[pri:0, instance:tests.HomeTest@20d3d15a]" started-at="2025-05-25T21:42:53 GMT+05:00" name="testFindMod" finished-at="2025-05-25T21:42:59 GMT+05:00" duration-ms="5763" status="PASS">
          <reporter-output>
          </reporter-output>
        </test-method> <!-- testFindMod -->
        <test-method is-config="true" signature="tearDown()[pri:0, instance:tests.HomeTest@20d3d15a]" started-at="2025-05-25T21:42:59 GMT+05:00" name="tearDown" finished-at="2025-05-25T21:42:59 GMT+05:00" duration-ms="690" status="PASS">
          <reporter-output>
          </reporter-output>
        </test-method> <!-- tearDown -->
        <test-method is-config="true" signature="setUp()[pri:0, instance:tests.HomeTest@20d3d15a]" started-at="2025-05-25T21:42:59 GMT+05:00" name="setUp" finished-at="2025-05-25T21:43:03 GMT+05:00" duration-ms="3802" status="PASS">
          <reporter-output>
          </reporter-output>
        </test-method> <!-- setUp -->
        <test-method signature="testPageTitle()[pri:0, instance:tests.HomeTest@20d3d15a]" started-at="2025-05-25T21:43:03 GMT+05:00" name="testPageTitle" finished-at="2025-05-25T21:43:05 GMT+05:00" duration-ms="1473" status="PASS">
          <reporter-output>
          </reporter-output>
        </test-method> <!-- testPageTitle -->
        <test-method is-config="true" signature="tearDown()[pri:0, instance:tests.HomeTest@20d3d15a]" started-at="2025-05-25T21:43:05 GMT+05:00" name="tearDown" finished-at="2025-05-25T21:43:05 GMT+05:00" duration-ms="731" status="PASS">
          <reporter-output>
          </reporter-output>
        </test-method> <!-- tearDown -->
      </class> <!-- tests.HomeTest -->
      <class name="tests.ModTest">
        <test-method is-config="true" signature="setUp()[pri:0, instance:tests.ModTest@37e547da]" started-at="2025-05-25T21:43:13 GMT+05:00" name="setUp" finished-at="2025-05-25T21:43:16 GMT+05:00" duration-ms="3259" status="PASS">
          <reporter-output>
          </reporter-output>
        </test-method> <!-- setUp -->
        <test-method signature="testDownloadMod11811()[pri:0, instance:tests.ModTest@37e547da]" started-at="2025-05-25T21:43:16 GMT+05:00" name="testDownloadMod11811" finished-at="2025-05-25T21:43:29 GMT+05:00" duration-ms="12640" status="PASS">
          <reporter-output>
          </reporter-output>
        </test-method> <!-- testDownloadMod11811 -->
        <test-method is-config="true" signature="tearDown()[pri:0, instance:tests.ModTest@37e547da]" started-at="2025-05-25T21:43:29 GMT+05:00" name="tearDown" finished-at="2025-05-25T21:43:30 GMT+05:00" duration-ms="1179" status="PASS">
          <reporter-output>
          </reporter-output>
        </test-method> <!-- tearDown -->
        <test-method is-config="true" signature="setUp()[pri:0, instance:tests.ModTest@37e547da]" started-at="2025-05-25T21:43:30 GMT+05:00" name="setUp" finished-at="2025-05-25T21:43:34 GMT+05:00" duration-ms="3900" status="PASS">
          <reporter-output>
          </reporter-output>
        </test-method> <!-- setUp -->
        <test-method signature="testDownloadMod266()[pri:0, instance:tests.ModTest@37e547da]" started-at="2025-05-25T21:43:34 GMT+05:00" name="testDownloadMod266" finished-at="2025-05-25T21:43:41 GMT+05:00" duration-ms="7020" status="PASS">
          <reporter-output>
          </reporter-output>
        </test-method> <!-- testDownloadMod266 -->
        <test-method is-config="true" signature="tearDown()[pri:0, instance:tests.ModTest@37e547da]" started-at="2025-05-25T21:43:41 GMT+05:00" name="tearDown" finished-at="2025-05-25T21:43:42 GMT+05:00" duration-ms="569" status="PASS">
          <reporter-output>
          </reporter-output>
        </test-method> <!-- tearDown -->
        <test-method is-config="true" signature="setUp()[pri:0, instance:tests.ModTest@37e547da]" started-at="2025-05-25T21:43:42 GMT+05:00" name="setUp" finished-at="2025-05-25T21:43:45 GMT+05:00" duration-ms="3313" status="PASS">
          <reporter-output>
          </reporter-output>
        </test-method> <!-- setUp -->
        <test-method signature="testDownloadMod607()[pri:0, instance:tests.ModTest@37e547da]" started-at="2025-05-25T21:43:45 GMT+05:00" name="testDownloadMod607" finished-at="2025-05-25T21:43:52 GMT+05:00" duration-ms="7180" status="PASS">
          <reporter-output>
          </reporter-output>
        </test-method> <!-- testDownloadMod607 -->
        <test-method is-config="true" signature="tearDown()[pri:0, instance:tests.ModTest@37e547da]" started-at="2025-05-25T21:43:52 GMT+05:00" name="tearDown" finished-at="2025-05-25T21:43:53 GMT+05:00" duration-ms="657" status="PASS">
          <reporter-output>
          </reporter-output>
        </test-method> <!-- tearDown -->
        <test-method is-config="true" signature="setUp()[pri:0, instance:tests.ModTest@37e547da]" started-at="2025-05-25T21:43:53 GMT+05:00" name="setUp" finished-at="2025-05-25T21:43:56 GMT+05:00" duration-ms="3172" status="PASS">
          <reporter-output>
          </reporter-output>
        </test-method> <!-- setUp -->
        <test-method signature="testShowImages11811()[pri:0, instance:tests.ModTest@37e547da]" started-at="2025-05-25T21:43:56 GMT+05:00" name="testShowImages11811" finished-at="2025-05-25T21:44:04 GMT+05:00" duration-ms="8215" status="PASS">
          <reporter-output>
          </reporter-output>
        </test-method> <!-- testShowImages11811 -->
        <test-method is-config="true" signature="tearDown()[pri:0, instance:tests.ModTest@37e547da]" started-at="2025-05-25T21:44:04 GMT+05:00" name="tearDown" finished-at="2025-05-25T21:44:05 GMT+05:00" duration-ms="794" status="PASS">
          <reporter-output>
          </reporter-output>
        </test-method> <!-- tearDown -->
        <test-method is-config="true" signature="setUp()[pri:0, instance:tests.ModTest@37e547da]" started-at="2025-05-25T21:44:05 GMT+05:00" name="setUp" finished-at="2025-05-25T21:44:09 GMT+05:00" duration-ms="3679" status="PASS">
          <reporter-output>
          </reporter-output>
        </test-method> <!-- setUp -->
        <test-method signature="testShowImages266()[pri:0, instance:tests.ModTest@37e547da]" started-at="2025-05-25T21:44:09 GMT+05:00" name="testShowImages266" finished-at="2025-05-25T21:44:24 GMT+05:00" duration-ms="15248" status="PASS">
          <reporter-output>
          </reporter-output>
        </test-method> <!-- testShowImages266 -->
        <test-method is-config="true" signature="tearDown()[pri:0, instance:tests.ModTest@37e547da]" started-at="2025-05-25T21:44:24 GMT+05:00" name="tearDown" finished-at="2025-05-25T21:44:25 GMT+05:00" duration-ms="669" status="PASS">
          <reporter-output>
          </reporter-output>
        </test-method> <!-- tearDown -->
        <test-method is-config="true" signature="setUp()[pri:0, instance:tests.ModTest@37e547da]" started-at="2025-05-25T21:44:25 GMT+05:00" name="setUp" finished-at="2025-05-25T21:44:28 GMT+05:00" duration-ms="3639" status="PASS">
          <reporter-output>
          </reporter-output>
        </test-method> <!-- setUp -->
        <test-method signature="testShowImages607()[pri:0, instance:tests.ModTest@37e547da]" started-at="2025-05-25T21:44:28 GMT+05:00" name="testShowImages607" finished-at="2025-05-25T21:44:47 GMT+05:00" duration-ms="19142" status="PASS">
          <reporter-output>
          </reporter-output>
        </test-method> <!-- testShowImages607 -->
        <test-method is-config="true" signature="tearDown()[pri:0, instance:tests.ModTest@37e547da]" started-at="2025-05-25T21:44:47 GMT+05:00" name="tearDown" finished-at="2025-05-25T21:44:48 GMT+05:00" duration-ms="719" status="PASS">
          <reporter-output>
          </reporter-output>
        </test-method> <!-- tearDown -->
        <test-method is-config="true" signature="setUp()[pri:0, instance:tests.ModTest@37e547da]" started-at="2025-05-25T21:44:48 GMT+05:00" name="setUp" finished-at="2025-05-25T21:44:51 GMT+05:00" duration-ms="3228" status="PASS">
          <reporter-output>
          </reporter-output>
        </test-method> <!-- setUp -->
        <test-method signature="testShowRequirements11811()[pri:0, instance:tests.ModTest@37e547da]" started-at="2025-05-25T21:44:51 GMT+05:00" name="testShowRequirements11811" finished-at="2025-05-25T21:44:57 GMT+05:00" duration-ms="5714" status="PASS">
          <reporter-output>
          </reporter-output>
        </test-method> <!-- testShowRequirements11811 -->
        <test-method is-config="true" signature="tearDown()[pri:0, instance:tests.ModTest@37e547da]" started-at="2025-05-25T21:44:57 GMT+05:00" name="tearDown" finished-at="2025-05-25T21:44:58 GMT+05:00" duration-ms="606" status="PASS">
          <reporter-output>
          </reporter-output>
        </test-method> <!-- tearDown -->
        <test-method is-config="true" signature="setUp()[pri:0, instance:tests.ModTest@37e547da]" started-at="2025-05-25T21:44:58 GMT+05:00" name="setUp" finished-at="2025-05-25T21:45:01 GMT+05:00" duration-ms="3211" status="PASS">
          <reporter-output>
          </reporter-output>
        </test-method> <!-- setUp -->
        <test-method signature="testShowRequirements266()[pri:0, instance:tests.ModTest@37e547da]" started-at="2025-05-25T21:45:01 GMT+05:00" name="testShowRequirements266" finished-at="2025-05-25T21:45:08 GMT+05:00" duration-ms="6650" status="PASS">
          <reporter-output>
          </reporter-output>
        </test-method> <!-- testShowRequirements266 -->
        <test-method is-config="true" signature="tearDown()[pri:0, instance:tests.ModTest@37e547da]" started-at="2025-05-25T21:45:08 GMT+05:00" name="tearDown" finished-at="2025-05-25T21:45:08 GMT+05:00" duration-ms="643" status="PASS">
          <reporter-output>
          </reporter-output>
        </test-method> <!-- tearDown -->
      </class> <!-- tests.ModTest -->
    </test> <!-- Surefire test -->
  </suite> <!-- Surefire suite -->
</testng-results>
