<?xml version="1.0" encoding="UTF-8"?>
<!-- Generated by org.testng.reporters.JUnitXMLReporter -->
<testsuite ignored="0" hostname="DESKTOP-UKHT668" failures="0" tests="11" name="Surefire test" time="139.361" errors="0" timestamp="2025-05-25T21:45:08 GMT+05:00">
  <testcase classname="tests.HomeTest" name="testFindMod" time="5.763"/>
  <testcase classname="tests.HomeTest" name="testPageTitle" time="1.473"/>
  <testcase classname="tests.LoginTest" name="testEnterLogin" time="2.093"/>
  <testcase classname="tests.ModTest" name="testDownloadMod11811" time="12.64"/>
  <testcase classname="tests.ModTest" name="testDownloadMod266" time="7.02"/>
  <testcase classname="tests.ModTest" name="testDownloadMod607" time="7.18"/>
  <testcase classname="tests.ModTest" name="testShowImages11811" time="8.215"/>
  <testcase classname="tests.ModTest" name="testShowImages266" time="15.248"/>
  <testcase classname="tests.ModTest" name="testShowImages607" time="19.142"/>
  <testcase classname="tests.ModTest" name="testShowRequirements11811" time="5.714"/>
  <testcase classname="tests.ModTest" name="testShowRequirements266" time="6.65"/>
</testsuite> <!-- Surefire test -->
